<?xml version="1.0" encoding="UTF-8"?>
<testng-results total="2" passed="2" failed="0" skipped="0">
  <reporter-output>
    <line>
      <![CDATA[Error msg opens!]]>
    </line>
  </reporter-output>
  <suite started-at="2018-04-07T14:44:44Z" name="Suite" finished-at="2018-04-07T14:45:04Z" duration-ms="19762">
    <groups>
    </groups>
    <test started-at="2018-04-07T14:44:44Z" name="Test" finished-at="2018-04-07T14:45:04Z" duration-ms="19762">
      <class name="com.anantaa.maven.FaceBookLogin">
        <test-method is-config="true" signature="setUrl()[pri:0, instance:com.anantaa.maven.FaceBookLogin@158d2680]" started-at="2018-04-07T20:14:44Z" name="setUrl" finished-at="2018-04-07T20:15:01Z" duration-ms="16888" status="PASS">
          <reporter-output>
          </reporter-output>
        </test-method> <!-- setUrl -->
        <test-method signature="pageTitle()[pri:0, instance:com.anantaa.maven.FaceBookLogin@158d2680]" started-at="2018-04-07T20:15:01Z" name="pageTitle" finished-at="2018-04-07T20:15:01Z" duration-ms="28" status="PASS">
          <reporter-output>
          </reporter-output>
        </test-method> <!-- pageTitle -->
        <test-method is-config="true" signature="setValue()[pri:0, instance:com.anantaa.maven.FaceBookLogin@158d2680]" started-at="2018-04-07T20:15:01Z" name="setValue" finished-at="2018-04-07T20:15:01Z" duration-ms="0" status="PASS">
          <reporter-output>
          </reporter-output>
        </test-method> <!-- setValue -->
        <test-method is-config="true" signature="setValue()[pri:0, instance:com.anantaa.maven.FaceBookLogin@158d2680]" started-at="2018-04-07T20:15:01Z" name="setValue" finished-at="2018-04-07T20:15:01Z" duration-ms="0" status="PASS">
          <reporter-output>
          </reporter-output>
        </test-method> <!-- setValue -->
        <test-method signature="errMsgBothBlank()[pri:1, instance:com.anantaa.maven.FaceBookLogin@158d2680]" started-at="2018-04-07T20:15:01Z" name="errMsgBothBlank" finished-at="2018-04-07T20:15:03Z" duration-ms="1935" status="PASS">
          <reporter-output>
            <line>
              <![CDATA[Error msg opens!]]>
            </line>
          </reporter-output>
        </test-method> <!-- errMsgBothBlank -->
        <test-method is-config="true" signature="tearDown()[pri:0, instance:com.anantaa.maven.FaceBookLogin@158d2680]" started-at="2018-04-07T20:15:03Z" name="tearDown" finished-at="2018-04-07T20:15:04Z" duration-ms="896" status="PASS">
          <reporter-output>
          </reporter-output>
        </test-method> <!-- tearDown -->
      </class> <!-- com.anantaa.maven.FaceBookLogin -->
    </test> <!-- Test -->
  </suite> <!-- Suite -->
</testng-results>
