<?xml version="1.0" encoding="UTF-8"?>
<testng-results total="2" passed="2" failed="0" skipped="0">
  <reporter-output>
    <line>
      <![CDATA[Error msg opens!]]>
    </line>
  </reporter-output>
  <suite started-at="2018-04-07T14:26:54Z" name="Suite" finished-at="2018-04-07T14:27:20Z" duration-ms="26369">
    <groups>
    </groups>
    <test started-at="2018-04-07T14:26:54Z" name="Test" finished-at="2018-04-07T14:27:20Z" duration-ms="26369">
      <class name="com.anantaa.maven.FaceBookLogin">
        <test-method is-config="true" signature="setUrl()[pri:0, instance:com.anantaa.maven.FaceBookLogin@313b2ea6]" started-at="2018-04-07T19:56:54Z" name="setUrl" finished-at="2018-04-07T19:57:15Z" duration-ms="21006" status="PASS">
          <reporter-output>
          </reporter-output>
        </test-method> <!-- setUrl -->
        <test-method is-config="true" signature="setValue()[pri:0, instance:com.anantaa.maven.FaceBookLogin@313b2ea6]" started-at="2018-04-07T19:57:15Z" name="setValue" finished-at="2018-04-07T19:57:15Z" duration-ms="0" status="PASS">
          <reporter-output>
          </reporter-output>
        </test-method> <!-- setValue -->
        <test-method signature="pageTitle()[pri:0, instance:com.anantaa.maven.FaceBookLogin@313b2ea6]" started-at="2018-04-07T19:57:15Z" name="pageTitle" finished-at="2018-04-07T19:57:15Z" duration-ms="133" status="PASS">
          <reporter-output>
          </reporter-output>
        </test-method> <!-- pageTitle -->
        <test-method is-config="true" signature="setValue()[pri:0, instance:com.anantaa.maven.FaceBookLogin@313b2ea6]" started-at="2018-04-07T19:57:15Z" name="setValue" finished-at="2018-04-07T19:57:15Z" duration-ms="1" status="PASS">
          <reporter-output>
          </reporter-output>
        </test-method> <!-- setValue -->
        <test-method signature="errMsgBothBlank()[pri:1, instance:com.anantaa.maven.FaceBookLogin@313b2ea6]" started-at="2018-04-07T19:57:15Z" name="errMsgBothBlank" finished-at="2018-04-07T19:57:17Z" duration-ms="2524" status="PASS">
          <reporter-output>
            <line>
              <![CDATA[Error msg opens!]]>
            </line>
          </reporter-output>
        </test-method> <!-- errMsgBothBlank -->
        <test-method is-config="true" signature="tearDown()[pri:0, instance:com.anantaa.maven.FaceBookLogin@313b2ea6]" started-at="2018-04-07T19:57:17Z" name="tearDown" finished-at="2018-04-07T19:57:20Z" duration-ms="2684" status="PASS">
          <reporter-output>
          </reporter-output>
        </test-method> <!-- tearDown -->
      </class> <!-- com.anantaa.maven.FaceBookLogin -->
    </test> <!-- Test -->
  </suite> <!-- Suite -->
</testng-results>
